<?xml version="1.0" encoding="UTF-8"?>
<testsuites name="Mocha Tests" time="2.235" tests="18" failures="0">
  <testsuite name="Root Suite" timestamp="2019-12-31T02:07:17" tests="0" failures="0" time="0">
  </testsuite>
  <testsuite name="Game Logic Test" timestamp="2019-12-31T02:07:17" tests="18" file="E:\SOFT356-Scrabble\server\gameLogic\test.js" failures="0" time="2.235">
    <testcase name="Game Logic Test The game should be able to produce default pool options" time="0.004" classname="The game should be able to produce default pool options">
    </testcase>
    <testcase name="Game Logic Test The game should be able to generate a tile pool based on default options" time="0.007" classname="The game should be able to generate a tile pool based on default options">
    </testcase>
    <testcase name="Game Logic Test The game should be able to shuffle a group of tiles" time="0.002" classname="The game should be able to shuffle a group of tiles">
    </testcase>
    <testcase name="Game Logic Test The game should be able to deal a hand of X size" time="0.002" classname="The game should be able to deal a hand of X size">
    </testcase>
    <testcase name="Game Logic Test The game should be able to allow the player draw X number of tile" time="0.012" classname="The game should be able to allow the player draw X number of tile">
    </testcase>
    <testcase name="Game Logic Test The game should be able to create the game board" time="0.001" classname="The game should be able to create the game board">
    </testcase>
    <testcase name="Game Logic Test The game should be able to be setup" time="0.11" classname="The game should be able to be setup">
    </testcase>
    <testcase name="Game Logic Test The game shoud allow you to check if a tile placement valid is correct" time="0.119" classname="The game shoud allow you to check if a tile placement valid is correct">
    </testcase>
    <testcase name="Game Logic Test The game should allow you to place a tile" time="0.118" classname="The game should allow you to place a tile">
    </testcase>
    <testcase name="Game Logic Test The game should be able to check if a move is valid (tile placement wise)" time="0.366" classname="The game should be able to check if a move is valid (tile placement wise)">
    </testcase>
    <testcase name="Game Logic Test The game should be able to find a word if placed on board" time="0.172" classname="The game should be able to find a word if placed on board">
    </testcase>
    <testcase name="Game Logic Test The game should be able to find multiple words if tiles already exist" time="0.192" classname="The game should be able to find multiple words if tiles already exist">
    </testcase>
    <testcase name="Game Logic Test The game should be able to determine the score of a word" time="0.165" classname="The game should be able to determine the score of a word">
    </testcase>
    <testcase name="Game Logic Test The game should be able to determine scores of multiple words" time="0.164" classname="The game should be able to determine scores of multiple words">
    </testcase>
    <testcase name="Game Logic Test The game should read in the dictionary correctly" time="0.085" classname="The game should read in the dictionary correctly">
    </testcase>
    <testcase name="Game Logic Test The game should be able to determine if words are valid" time="0.075" classname="The game should be able to determine if words are valid">
    </testcase>
    <testcase name="Game Logic Test The game should be able to allow moves to be made" time="0.228" classname="The game should be able to allow moves to be made">
    </testcase>
    <testcase name="Game Logic Test The game should be able to emulate an actual game" time="0.413" classname="The game should be able to emulate an actual game">
    </testcase>
  </testsuite>
</testsuites>