<?xml version="1.0" encoding="UTF-8"?>
<testsuites name="Mocha Tests" time="0.003" tests="1" failures="1">
  <testsuite name="Root Suite" timestamp="2019-12-29T12:27:37" tests="0" failures="0" time="0">
  </testsuite>
  <testsuite name="Game Logic Test" timestamp="2019-12-29T12:27:37" tests="1" file="E:\SOFT356-Scrabble\server\gameLogic\test.js" failures="1" time="0.003">
    <testcase name="Game Logic Test The game should be able to produce default pool options" time="0.003" classname="The game should be able to produce default pool options">
      <failure message="u is not defined" type="ReferenceError"><![CDATA[ReferenceError: u is not defined
    at Object.createPoolOptions (server\gameLogic\game.js:87:9)
    at Context.<anonymous> (server\gameLogic\test.js:11:28)
    at processImmediate (internal/timers.js:439:21)]]></failure>
    </testcase>
  </testsuite>
</testsuites>