<?xml version="1.0" encoding="UTF-8"?>
<testsuites name="Mocha Tests" time="6.0040000000000004" tests="33" failures="1">
  <testsuite name="Root Suite" timestamp="2020-01-07T23:22:42" tests="0" failures="0" time="0">
  </testsuite>
  <testsuite name="Game Logic Test" timestamp="2020-01-07T23:22:42" tests="33" file="E:\SOFT356-Scrabble\server\gameLogic\test.js" failures="1" time="6.0040000000000004">
    <testcase name="Game Logic Test The game should be able to produce default pool options" time="0.005" classname="The game should be able to produce default pool options">
    </testcase>
    <testcase name="Game Logic Test The game should be able to generate a tile pool based on default options" time="0.004" classname="The game should be able to generate a tile pool based on default options">
    </testcase>
    <testcase name="Game Logic Test The game should be able to shuffle a group of tiles" time="0.001" classname="The game should be able to shuffle a group of tiles">
    </testcase>
    <testcase name="Game Logic Test The game should be able to deal a hand of X size" time="0.002" classname="The game should be able to deal a hand of X size">
    </testcase>
    <testcase name="Game Logic Test The game should be able to allow the player draw X number of tile" time="0.004" classname="The game should be able to allow the player draw X number of tile">
    </testcase>
    <testcase name="Game Logic Test The game should be able to create the game board" time="0.001" classname="The game should be able to create the game board">
    </testcase>
    <testcase name="Game Logic Test The game should be able to be setup" time="0.16" classname="The game should be able to be setup">
    </testcase>
    <testcase name="Game Logic Test The game shoud allow you to check if a tile placement valid is correct" time="0.144" classname="The game shoud allow you to check if a tile placement valid is correct">
    </testcase>
    <testcase name="Game Logic Test The game should allow you to place a tile" time="0.156" classname="The game should allow you to place a tile">
    </testcase>
    <testcase name="Game Logic Test The game should be able to check if a move is valid (tile placement wise)" time="0.621" classname="The game should be able to check if a move is valid (tile placement wise)">
    </testcase>
    <testcase name="Game Logic Test The game should be able to find a word if placed on board" time="0.347" classname="The game should be able to find a word if placed on board">
    </testcase>
    <testcase name="Game Logic Test The game should be able to find multiple words if tiles already exist" time="0.259" classname="The game should be able to find multiple words if tiles already exist">
    </testcase>
    <testcase name="Game Logic Test The game should be able to determine the score of a word" time="0.228" classname="The game should be able to determine the score of a word">
    </testcase>
    <testcase name="Game Logic Test The game should be able to determine scores of multiple words" time="0.226" classname="The game should be able to determine scores of multiple words">
    </testcase>
    <testcase name="Game Logic Test The game should read in the dictionary correctly" time="0.107" classname="The game should read in the dictionary correctly">
    </testcase>
    <testcase name="Game Logic Test The game should be able to determine if words are valid" time="0.12" classname="The game should be able to determine if words are valid">
    </testcase>
    <testcase name="Game Logic Test The game should be able to allow moves to be made" time="0.286" classname="The game should be able to allow moves to be made">
    </testcase>
    <testcase name="Game Logic Test The game should be able to emulate an actual game" time="0.605" classname="The game should be able to emulate an actual game">
    </testcase>
    <testcase name="Game Logic Test The game should be able to change turn to the next player" time="0.166" classname="The game should be able to change turn to the next player">
    </testcase>
    <testcase name="Game Logic Test The game should be able to rotate between 3 players" time="0.091" classname="The game should be able to rotate between 3 players">
    </testcase>
    <testcase name="Game Logic Test The game should allow for players to exchange tiles" time="0.103" classname="The game should allow for players to exchange tiles">
    </testcase>
    <testcase name="Game Logic Test The game should determine a move that has a different number of locations and tiles invalid" time="0.114" classname="The game should determine a move that has a different number of locations and tiles invalid">
    </testcase>
    <testcase name="Game Logic Test The game should not be able to process move requests if they are not the active player" time="0.105" classname="The game should not be able to process move requests if they are not the active player">
    </testcase>
    <testcase name="Game Logic Test The game should remove tiles from the players hand once they&apos;re played" time="0.111" classname="The game should remove tiles from the players hand once they&apos;re played">
    </testcase>
    <testcase name="Game Logic Test The game should not allow moves that have diagonal placements" time="0.296" classname="The game should not allow moves that have diagonal placements">
    </testcase>
    <testcase name="Game Logic Test The game should work if a player decides to play 1 letter" time="0.523" classname="The game should work if a player decides to play 1 letter">
    </testcase>
    <testcase name="Game Logic Test The game should not give out empty tiles when there are no tiles left" time="0.1" classname="The game should not give out empty tiles when there are no tiles left">
    </testcase>
    <testcase name="Game Logic Test The game shoud allow for tiles on the boarder extremes" time="0.357" classname="The game shoud allow for tiles on the boarder extremes">
    </testcase>
    <testcase name="Game Logic Test The game shoud allow for tiles on the boarder minimums" time="0.357" classname="The game shoud allow for tiles on the boarder minimums">
    </testcase>
    <testcase name="Game Logic Test The game should end if a player passes two times in a row" time="0.135" classname="The game should end if a player passes two times in a row">
    </testcase>
    <testcase name="Game Logic Test Should end the game if a player passes twice in a row more than 3 turns" time="0.142" classname="Should end the game if a player passes twice in a row more than 3 turns">
    </testcase>
    <testcase name="Game Logic Test The game should be able to recreate games from a set of turns" time="0" classname="The game should be able to recreate games from a set of turns">
    </testcase>
    <testcase name="Game Logic Test Should allow for words to be found on the extremes" time="0.128" classname="Should allow for words to be found on the extremes">
      <failure message="expecet is not defined" type="ReferenceError"><![CDATA[ReferenceError: expecet is not defined
    at Context.<anonymous> (server\gameLogic\test.js:767:9)
    at processImmediate (internal/timers.js:439:21)]]></failure>
    </testcase>
  </testsuite>
</testsuites>