<?xml version="1.0"?>
<testsuite name="HeadlessChrome 79.0.3945 (Windows 10.0.0)" package="" timestamp="2019-12-27T19:11:02" id="0" hostname="DESKTOP-JU1KODK" tests="3" errors="0" failures="0" time="0.181">
  <properties>
    <property name="browser.fullName" value="Mozilla/5.0 (Windows NT 10.0; Win64; x64) AppleWebKit/537.36 (KHTML, like Gecko) HeadlessChrome/79.0.3945.88 Safari/537.36"/>
  </properties>
  <testcase name="ApiService Should be able to delete players" time="0.08" classname="HeadlessChrome_79_0_3945_(Windows_10_0_0).ApiService"/>
  <testcase name="ApiService should create players" time="0.011" classname="HeadlessChrome_79_0_3945_(Windows_10_0_0).ApiService"/>
  <testcase name="ApiService Should be able to retrieve players" time="0.09" classname="HeadlessChrome_79_0_3945_(Windows_10_0_0).ApiService"/>
  <system-out>
    <![CDATA[HeadlessChrome 79.0.3945 (Windows 10.0.0) LOG: 'The API should be able to retrieve players'
,HeadlessChrome 79.0.3945 (Windows 10.0.0) LOG: 'Player before: '
,HeadlessChrome 79.0.3945 (Windows 10.0.0) LOG: '{"playerId":"302292b8-77b5-4386-aebf-3298c54d3b7b","playerName":"test"}'
,HeadlessChrome 79.0.3945 (Windows 10.0.0) LOG: 'Player after: '
,HeadlessChrome 79.0.3945 (Windows 10.0.0) LOG: '{"_id":"5e065746494ee64150dab2be","playerId":"302292b8-77b5-4386-aebf-3298c54d3b7b","playerName":"test","__v":0}'
,HeadlessChrome 79.0.3945 (Windows 10.0.0) LOG: 'The API should be able to delete players'
,HeadlessChrome 79.0.3945 (Windows 10.0.0) LOG: 'Test to see if players can be created'
,HeadlessChrome 79.0.3945 (Windows 10.0.0) LOG: 'Expecting the number of accounts to be incramented by 1'

]]>
  </system-out>
  <system-err/>
</testsuite>