<?xml version="1.0"?>
<testsuite name="HeadlessChrome 79.0.3945 (Windows 10.0.0)" package="" timestamp="2020-01-04T01:53:59" id="0" hostname="DESKTOP-JU1KODK" tests="12" errors="0" failures="0" time="1.937">
  <properties>
    <property name="browser.fullName" value="Mozilla/5.0 (Windows NT 10.0; Win64; x64) AppleWebKit/537.36 (KHTML, like Gecko) HeadlessChrome/79.0.3945.88 Safari/537.36"/>
  </properties>
  <testcase name="ToasterComponent should create" time="0.124" classname="HeadlessChrome_79_0_3945_(Windows_10_0_0).ToasterComponent"/>
  <testcase name="PersistanceService Should be able to retrieve and store a player" time="0.018" classname="HeadlessChrome_79_0_3945_(Windows_10_0_0).PersistanceService"/>
  <testcase name="RoomComponent The chat should show messages when they are there" time="0.164" classname="HeadlessChrome_79_0_3945_(Windows_10_0_0).RoomComponent"/>
  <testcase name="RoomComponent When a message is sent, then the method should be called" time="0.073" classname="HeadlessChrome_79_0_3945_(Windows_10_0_0).RoomComponent"/>
  <testcase name="RoomComponent When the start game button is pressed, then the method should be called" time="0.098" classname="HeadlessChrome_79_0_3945_(Windows_10_0_0).RoomComponent"/>
  <testcase name="RoomComponent When the toggle chat button is pressed, the toggle chat method should be called" time="0.059" classname="HeadlessChrome_79_0_3945_(Windows_10_0_0).RoomComponent"/>
  <testcase name="RoomComponent The chat bar should show and hide when the local variable is changed" time="0.075" classname="HeadlessChrome_79_0_3945_(Windows_10_0_0).RoomComponent"/>
  <testcase name="ToasterService should be created" time="0.028" classname="HeadlessChrome_79_0_3945_(Windows_10_0_0).ToasterService"/>
  <testcase name="ApiService Should be able to delete players" time="0.989" classname="HeadlessChrome_79_0_3945_(Windows_10_0_0).ApiService"/>
  <testcase name="ApiService Should be able to update a player" time="0.196" classname="HeadlessChrome_79_0_3945_(Windows_10_0_0).ApiService"/>
  <testcase name="ApiService Should be able to retrieve players" time="0.098" classname="HeadlessChrome_79_0_3945_(Windows_10_0_0).ApiService"/>
  <testcase name="ApiService should create players" time="0.015" classname="HeadlessChrome_79_0_3945_(Windows_10_0_0).ApiService"/>
  <system-out>
    <![CDATA[HeadlessChrome 79.0.3945 (Windows 10.0.0) LOG: 'Test to see if players can be stored in storage'
,HeadlessChrome 79.0.3945 (Windows 10.0.0) LOG: 'Player we stored:'
,HeadlessChrome 79.0.3945 (Windows 10.0.0) LOG: Object{playerId: 'test', playerName: 'another'}
,HeadlessChrome 79.0.3945 (Windows 10.0.0) LOG: 'Player from storage:'
,HeadlessChrome 79.0.3945 (Windows 10.0.0) LOG: Object{playerId: 'test', playerName: 'another'}
,HeadlessChrome 79.0.3945 (Windows 10.0.0) LOG: Object{chatbarHide: false, chatbarShown: true}
,HeadlessChrome 79.0.3945 (Windows 10.0.0) LOG: 'The API should be able to delete players'
,HeadlessChrome 79.0.3945 (Windows 10.0.0) LOG: 'The api should be able to update the player'
,HeadlessChrome 79.0.3945 (Windows 10.0.0) LOG: 'Player before: '
,HeadlessChrome 79.0.3945 (Windows 10.0.0) LOG: '{"_id":"5e0ff039c64fbe87f4315a43","playerId":"c863007a-a167-4c23-8b59-704a47438975","playerName":"test2","__v":0}'
,HeadlessChrome 79.0.3945 (Windows 10.0.0) LOG: 'Player after: '
,HeadlessChrome 79.0.3945 (Windows 10.0.0) LOG: '{"_id":"5e0ff039c64fbe87f4315a43","playerId":"c863007a-a167-4c23-8b59-704a47438975","playerName":"test2","__v":0,"activeRoomId":null,"socketId":null}'
,HeadlessChrome 79.0.3945 (Windows 10.0.0) LOG: 'The API should be able to retrieve players'
,HeadlessChrome 79.0.3945 (Windows 10.0.0) LOG: Object{playerId: '814e26fb-e0d9-4beb-bbc6-494f98f59051', playerName: 'test', words: []}
,HeadlessChrome 79.0.3945 (Windows 10.0.0) LOG: 'Player before: '
,HeadlessChrome 79.0.3945 (Windows 10.0.0) LOG: '{"playerId":"814e26fb-e0d9-4beb-bbc6-494f98f59051","playerName":"test","words":[]}'
,HeadlessChrome 79.0.3945 (Windows 10.0.0) LOG: 'Player after: '
,HeadlessChrome 79.0.3945 (Windows 10.0.0) LOG: '{"_id":"5e0ff039c64fbe87f4315a44","playerId":"814e26fb-e0d9-4beb-bbc6-494f98f59051","playerName":"test","__v":0}'
,HeadlessChrome 79.0.3945 (Windows 10.0.0) LOG: 'Test to see if players can be created'
,HeadlessChrome 79.0.3945 (Windows 10.0.0) LOG: 'Expecting the number of accounts to be incramented by 1'

]]>
  </system-out>
  <system-err/>
</testsuite>