<?xml version="1.0"?>
<testsuite name="HeadlessChrome 79.0.3945 (Windows 10.0.0)" package="" timestamp="2020-01-05T02:58:44" id="0" hostname="DESKTOP-JU1KODK" tests="20" errors="0" failures="0" time="1.414">
  <properties>
    <property name="browser.fullName" value="Mozilla/5.0 (Windows NT 10.0; Win64; x64) AppleWebKit/537.36 (KHTML, like Gecko) HeadlessChrome/79.0.3945.88 Safari/537.36"/>
  </properties>
  <testcase name="ApiService Should be able to update a player" time="0.368" classname="HeadlessChrome_79_0_3945_(Windows_10_0_0).ApiService"/>
  <testcase name="ApiService Should be able to retrieve players" time="0.051" classname="HeadlessChrome_79_0_3945_(Windows_10_0_0).ApiService"/>
  <testcase name="ApiService should create players" time="0.012" classname="HeadlessChrome_79_0_3945_(Windows_10_0_0).ApiService"/>
  <testcase name="ApiService Should be able to delete players" time="0.256" classname="HeadlessChrome_79_0_3945_(Windows_10_0_0).ApiService"/>
  <testcase name="RoomComponent The chat should show messages when they are there" time="0.132" classname="HeadlessChrome_79_0_3945_(Windows_10_0_0).RoomComponent"/>
  <testcase name="RoomComponent When the toggle chat button is pressed, the toggle chat method should be called" time="0.05" classname="HeadlessChrome_79_0_3945_(Windows_10_0_0).RoomComponent"/>
  <testcase name="RoomComponent When a message is sent, then the method should be called" time="0.043" classname="HeadlessChrome_79_0_3945_(Windows_10_0_0).RoomComponent"/>
  <testcase name="RoomComponent When the start game button is pressed, then the method should be called" time="0.038" classname="HeadlessChrome_79_0_3945_(Windows_10_0_0).RoomComponent"/>
  <testcase name="RoomComponent The chat bar should show and hide when the local variable is changed" time="0.043" classname="HeadlessChrome_79_0_3945_(Windows_10_0_0).RoomComponent"/>
  <testcase name="ToasterService should be created" time="0.011" classname="HeadlessChrome_79_0_3945_(Windows_10_0_0).ToasterService"/>
  <testcase name="RoomListComponent There should be x number of cards for x number of rooms" time="0.02" classname="HeadlessChrome_79_0_3945_(Windows_10_0_0).RoomListComponent"/>
  <testcase name="GameComponent When a tile is placed, it should be shown on the board" time="0.073" classname="HeadlessChrome_79_0_3945_(Windows_10_0_0).GameComponent"/>
  <testcase name="GameComponent The hand should react properly when items are added or selected" time="0.065" classname="HeadlessChrome_79_0_3945_(Windows_10_0_0).GameComponent"/>
  <testcase name="GameComponent When pass turn is pressed, the make move method should be called" time="0.049" classname="HeadlessChrome_79_0_3945_(Windows_10_0_0).GameComponent"/>
  <testcase name="GameComponent The component should render the game board" time="0.06" classname="HeadlessChrome_79_0_3945_(Windows_10_0_0).GameComponent"/>
  <testcase name="GameComponent When play is pressed, the make move method should be called" time="0.044" classname="HeadlessChrome_79_0_3945_(Windows_10_0_0).GameComponent"/>
  <testcase name="GameComponent When the exchange tile button is pressed, the correct method should be called" time="0.058" classname="HeadlessChrome_79_0_3945_(Windows_10_0_0).GameComponent"/>
  <testcase name="PersistanceService Should be able to retrieve and store a player" time="0.011" classname="HeadlessChrome_79_0_3945_(Windows_10_0_0).PersistanceService"/>
  <testcase name="ToasterComponent should create" time="0.015" classname="HeadlessChrome_79_0_3945_(Windows_10_0_0).ToasterComponent"/>
  <testcase name="ToasterComponent Should create a new toast when one is made" time="0.015" classname="HeadlessChrome_79_0_3945_(Windows_10_0_0).ToasterComponent"/>
  <system-out>
    <![CDATA[HeadlessChrome 79.0.3945 (Windows 10.0.0) LOG: 'The api should be able to update the player'
,HeadlessChrome 79.0.3945 (Windows 10.0.0) LOG: 'Player before: '
,HeadlessChrome 79.0.3945 (Windows 10.0.0) LOG: '{"_id":"5e1150e4fc12ab31a8075600","playerId":"4ccccd52-ea4d-4041-ac46-52faff1a9c4f","playerName":"test2","__v":0}'
,HeadlessChrome 79.0.3945 (Windows 10.0.0) LOG: 'Player after: '
,HeadlessChrome 79.0.3945 (Windows 10.0.0) LOG: '{"_id":"5e1150e4fc12ab31a8075600","playerId":"4ccccd52-ea4d-4041-ac46-52faff1a9c4f","playerName":"test2","__v":0,"activeRoomId":null,"socketId":null}'
,HeadlessChrome 79.0.3945 (Windows 10.0.0) LOG: 'The API should be able to retrieve players'
,HeadlessChrome 79.0.3945 (Windows 10.0.0) LOG: Object{playerId: '5b2297cb-c608-40df-8e2e-6e1e6b109768', playerName: 'test', words: []}
,HeadlessChrome 79.0.3945 (Windows 10.0.0) LOG: 'Player before: '
,HeadlessChrome 79.0.3945 (Windows 10.0.0) LOG: '{"playerId":"5b2297cb-c608-40df-8e2e-6e1e6b109768","playerName":"test","words":[]}'
,HeadlessChrome 79.0.3945 (Windows 10.0.0) LOG: 'Player after: '
,HeadlessChrome 79.0.3945 (Windows 10.0.0) LOG: '{"_id":"5e1150e4fc12ab31a8075601","playerId":"5b2297cb-c608-40df-8e2e-6e1e6b109768","playerName":"test","__v":0}'
,HeadlessChrome 79.0.3945 (Windows 10.0.0) LOG: 'Test to see if players can be created'
,HeadlessChrome 79.0.3945 (Windows 10.0.0) LOG: 'Expecting the number of accounts to be incramented by 1'
,HeadlessChrome 79.0.3945 (Windows 10.0.0) LOG: 'The API should be able to delete players'
,HeadlessChrome 79.0.3945 (Windows 10.0.0) LOG: 'deleted all test accounts'
,HeadlessChrome 79.0.3945 (Windows 10.0.0) LOG: Object{chatbarHide: false, chatbarShown: true}
,HeadlessChrome 79.0.3945 (Windows 10.0.0) LOG: 'Test to see if players can be stored in storage'
,HeadlessChrome 79.0.3945 (Windows 10.0.0) LOG: 'Player we stored:'
,HeadlessChrome 79.0.3945 (Windows 10.0.0) LOG: Object{playerId: 'test', playerName: 'another'}
,HeadlessChrome 79.0.3945 (Windows 10.0.0) LOG: 'Player from storage:'
,HeadlessChrome 79.0.3945 (Windows 10.0.0) LOG: Object{playerId: 'test', playerName: 'another'}

]]>
  </system-out>
  <system-err/>
</testsuite>