<?xml version="1.0"?>
<testsuite name="HeadlessChrome 79.0.3945 (Windows 10.0.0)" package="" timestamp="2020-01-02T14:59:22" id="0" hostname="DESKTOP-JU1KODK" tests="7" errors="0" failures="0" time="0.481">
  <properties>
    <property name="browser.fullName" value="Mozilla/5.0 (Windows NT 10.0; Win64; x64) AppleWebKit/537.36 (KHTML, like Gecko) HeadlessChrome/79.0.3945.88 Safari/537.36"/>
  </properties>
  <testcase name="ApiService Should be able to update a player" time="0.141" classname="HeadlessChrome_79_0_3945_(Windows_10_0_0).ApiService"/>
  <testcase name="ApiService Should be able to delete players" time="0.102" classname="HeadlessChrome_79_0_3945_(Windows_10_0_0).ApiService"/>
  <testcase name="PersistanceService Should be able to retrieve and store a player" time="0.018" classname="HeadlessChrome_79_0_3945_(Windows_10_0_0).PersistanceService"/>
  <testcase name="ToasterComponent should create" time="0.106" classname="HeadlessChrome_79_0_3945_(Windows_10_0_0).ToasterComponent"/>
  <testcase name="ToasterService should be created" time="0.011" classname="HeadlessChrome_79_0_3945_(Windows_10_0_0).ToasterService"/>
  <testcase name="ApiService should create players" time="0.05" classname="HeadlessChrome_79_0_3945_(Windows_10_0_0).ApiService"/>
  <testcase name="ApiService Should be able to retrieve players" time="0.053" classname="HeadlessChrome_79_0_3945_(Windows_10_0_0).ApiService"/>
  <system-out>
    <![CDATA[HeadlessChrome 79.0.3945 (Windows 10.0.0) LOG: 'Test to see if players can be created'
,HeadlessChrome 79.0.3945 (Windows 10.0.0) LOG: 'Expecting the number of accounts to be incramented by 1'
,HeadlessChrome 79.0.3945 (Windows 10.0.0) LOG: 'The API should be able to retrieve players'
,HeadlessChrome 79.0.3945 (Windows 10.0.0) LOG: Object{playerId: 'c6a9365e-7982-4607-80b4-81b87124c7fe', playerName: 'test', words: []}
,HeadlessChrome 79.0.3945 (Windows 10.0.0) LOG: 'Player before: '
,HeadlessChrome 79.0.3945 (Windows 10.0.0) LOG: '{"playerId":"c6a9365e-7982-4607-80b4-81b87124c7fe","playerName":"test","words":[]}'
,HeadlessChrome 79.0.3945 (Windows 10.0.0) LOG: 'Player after: '
,HeadlessChrome 79.0.3945 (Windows 10.0.0) LOG: '{"_id":"5e0e054a3aca8784c064cb37","playerId":"c6a9365e-7982-4607-80b4-81b87124c7fe","playerName":"test","__v":0}'
,HeadlessChrome 79.0.3945 (Windows 10.0.0) LOG: 'The api should be able to update the player'
,HeadlessChrome 79.0.3945 (Windows 10.0.0) LOG: 'Player before: '
,HeadlessChrome 79.0.3945 (Windows 10.0.0) LOG: '{"_id":"5e0e054a3aca8784c064cb38","playerId":"7098030c-68bd-43ea-87f6-21dea58b9c6c","playerName":"test2","__v":0}'
,HeadlessChrome 79.0.3945 (Windows 10.0.0) LOG: 'Player after: '
,HeadlessChrome 79.0.3945 (Windows 10.0.0) LOG: '{"_id":"5e0e054a3aca8784c064cb38","playerId":"7098030c-68bd-43ea-87f6-21dea58b9c6c","playerName":"test2","__v":0,"activeRoomId":null,"socketId":null}'
,HeadlessChrome 79.0.3945 (Windows 10.0.0) LOG: 'The API should be able to delete players'
,HeadlessChrome 79.0.3945 (Windows 10.0.0) LOG: 'Test to see if players can be stored in storage'
,HeadlessChrome 79.0.3945 (Windows 10.0.0) LOG: 'Player we stored:'
,HeadlessChrome 79.0.3945 (Windows 10.0.0) LOG: Object{playerId: 'test', playerName: 'another'}
,HeadlessChrome 79.0.3945 (Windows 10.0.0) LOG: 'Player from storage:'
,HeadlessChrome 79.0.3945 (Windows 10.0.0) LOG: Object{playerId: 'test', playerName: 'another'}
,HeadlessChrome 79.0.3945 (Windows 10.0.0) LOG: 'deleted all test accounts'

]]>
  </system-out>
  <system-err/>
</testsuite>