<?xml version="1.0"?>
<testsuite name="HeadlessChrome 79.0.3945 (Windows 10.0.0)" package="" timestamp="2020-01-06T01:08:26" id="0" hostname="DESKTOP-JU1KODK" tests="21" errors="0" failures="0" time="2.626">
  <properties>
    <property name="browser.fullName" value="Mozilla/5.0 (Windows NT 10.0; Win64; x64) AppleWebKit/537.36 (KHTML, like Gecko) HeadlessChrome/79.0.3945.88 Safari/537.36"/>
  </properties>
  <testcase name="RoomListComponent There should be x number of cards for x number of rooms" time="0.158" classname="HeadlessChrome_79_0_3945_(Windows_10_0_0).RoomListComponent"/>
  <testcase name="RoomComponent When the toggle chat button is pressed, the toggle chat method should be called" time="0.098" classname="HeadlessChrome_79_0_3945_(Windows_10_0_0).RoomComponent"/>
  <testcase name="RoomComponent When a message is sent, then the method should be called" time="0.19" classname="HeadlessChrome_79_0_3945_(Windows_10_0_0).RoomComponent"/>
  <testcase name="RoomComponent When the start game button is pressed, then the method should be called" time="0.08" classname="HeadlessChrome_79_0_3945_(Windows_10_0_0).RoomComponent"/>
  <testcase name="RoomComponent The chat should show messages when they are there" time="0.086" classname="HeadlessChrome_79_0_3945_(Windows_10_0_0).RoomComponent"/>
  <testcase name="RoomComponent The chat bar should show and hide when the local variable is changed" time="0.099" classname="HeadlessChrome_79_0_3945_(Windows_10_0_0).RoomComponent"/>
  <testcase name="GameComponent When the exchange tile button is pressed, the correct method should be called" time="0.145" classname="HeadlessChrome_79_0_3945_(Windows_10_0_0).GameComponent"/>
  <testcase name="GameComponent The component should render the game board" time="0.141" classname="HeadlessChrome_79_0_3945_(Windows_10_0_0).GameComponent"/>
  <testcase name="GameComponent When play is pressed, the make move method should be called" time="0.125" classname="HeadlessChrome_79_0_3945_(Windows_10_0_0).GameComponent"/>
  <testcase name="GameComponent The hand should react properly when items are added or selected" time="0.149" classname="HeadlessChrome_79_0_3945_(Windows_10_0_0).GameComponent"/>
  <testcase name="GameComponent When a tile is placed, it should be shown on the board" time="0.127" classname="HeadlessChrome_79_0_3945_(Windows_10_0_0).GameComponent"/>
  <testcase name="GameComponent When pass turn is pressed, the make move method should be called" time="0.124" classname="HeadlessChrome_79_0_3945_(Windows_10_0_0).GameComponent"/>
  <testcase name="PersistanceService Should be able to retrieve and store a player" time="0.02" classname="HeadlessChrome_79_0_3945_(Windows_10_0_0).PersistanceService"/>
  <testcase name="ApiService Should be able to retrieve players" time="0.488" classname="HeadlessChrome_79_0_3945_(Windows_10_0_0).ApiService"/>
  <testcase name="ApiService Should be able to delete players" time="0.151" classname="HeadlessChrome_79_0_3945_(Windows_10_0_0).ApiService"/>
  <testcase name="ApiService should create players" time="0.054" classname="HeadlessChrome_79_0_3945_(Windows_10_0_0).ApiService"/>
  <testcase name="ApiService Should be able to update a player" time="0.209" classname="HeadlessChrome_79_0_3945_(Windows_10_0_0).ApiService"/>
  <testcase name="ApiService Should allow you to login after creating an account" time="0.136" classname="HeadlessChrome_79_0_3945_(Windows_10_0_0).ApiService"/>
  <testcase name="ToasterService should be created" time="0.01" classname="HeadlessChrome_79_0_3945_(Windows_10_0_0).ToasterService"/>
  <testcase name="ToasterComponent Should create a new toast when one is made" time="0.018" classname="HeadlessChrome_79_0_3945_(Windows_10_0_0).ToasterComponent"/>
  <testcase name="ToasterComponent should create" time="0.018" classname="HeadlessChrome_79_0_3945_(Windows_10_0_0).ToasterComponent"/>
  <system-out>
    <![CDATA[HeadlessChrome 79.0.3945 (Windows 10.0.0) LOG: []
,HeadlessChrome 79.0.3945 (Windows 10.0.0) LOG: []
,HeadlessChrome 79.0.3945 (Windows 10.0.0) LOG: []
,HeadlessChrome 79.0.3945 (Windows 10.0.0) LOG: []
,HeadlessChrome 79.0.3945 (Windows 10.0.0) LOG: []
,HeadlessChrome 79.0.3945 (Windows 10.0.0) LOG: []
,HeadlessChrome 79.0.3945 (Windows 10.0.0) LOG: []
,HeadlessChrome 79.0.3945 (Windows 10.0.0) LOG: []
,HeadlessChrome 79.0.3945 (Windows 10.0.0) LOG: []
,HeadlessChrome 79.0.3945 (Windows 10.0.0) LOG: []
,HeadlessChrome 79.0.3945 (Windows 10.0.0) LOG: Object{chatbarHide: false, chatbarShown: true}
,HeadlessChrome 79.0.3945 (Windows 10.0.0) LOG: []
,HeadlessChrome 79.0.3945 (Windows 10.0.0) LOG: []
,HeadlessChrome 79.0.3945 (Windows 10.0.0) LOG: []
,HeadlessChrome 79.0.3945 (Windows 10.0.0) LOG: []
,HeadlessChrome 79.0.3945 (Windows 10.0.0) LOG: []
,HeadlessChrome 79.0.3945 (Windows 10.0.0) LOG: []
,HeadlessChrome 79.0.3945 (Windows 10.0.0) LOG: []
,HeadlessChrome 79.0.3945 (Windows 10.0.0) LOG: []
,HeadlessChrome 79.0.3945 (Windows 10.0.0) LOG: []
,HeadlessChrome 79.0.3945 (Windows 10.0.0) LOG: []
,HeadlessChrome 79.0.3945 (Windows 10.0.0) LOG: []
,HeadlessChrome 79.0.3945 (Windows 10.0.0) LOG: []
,HeadlessChrome 79.0.3945 (Windows 10.0.0) LOG: []
,HeadlessChrome 79.0.3945 (Windows 10.0.0) LOG: 'Test to see if players can be stored in storage'
,HeadlessChrome 79.0.3945 (Windows 10.0.0) LOG: 'Player we stored:'
,HeadlessChrome 79.0.3945 (Windows 10.0.0) LOG: Object{playerId: 'test', playerName: 'another'}
,HeadlessChrome 79.0.3945 (Windows 10.0.0) LOG: 'Player from storage:'
,HeadlessChrome 79.0.3945 (Windows 10.0.0) LOG: Object{playerId: 'test', playerName: 'another'}
,HeadlessChrome 79.0.3945 (Windows 10.0.0) LOG: 'The API should be able to retrieve players'
,HeadlessChrome 79.0.3945 (Windows 10.0.0) LOG: []
,HeadlessChrome 79.0.3945 (Windows 10.0.0) LOG: Object{player: Object{playerId: '5e0d298d-2b60-4d31-a3ed-0caba3781289', playerName: '1578272908214', loginName: '1578272908214', password: 'test', words: []}, valid: true}
,HeadlessChrome 79.0.3945 (Windows 10.0.0) LOG: 'Player before: '
,HeadlessChrome 79.0.3945 (Windows 10.0.0) LOG: '{"playerId":"5e0d298d-2b60-4d31-a3ed-0caba3781289","playerName":"1578272908214","loginName":"1578272908214","password":"test","words":[]}'
,HeadlessChrome 79.0.3945 (Windows 10.0.0) LOG: 'Player after: '
,HeadlessChrome 79.0.3945 (Windows 10.0.0) LOG: '{"gameHistory":[],"_id":"5e12888c66439a1fa0b1c205","playerId":"5e0d298d-2b60-4d31-a3ed-0caba3781289","playerName":"1578272908214","loginName":"1578272908214","password":"test","__v":0}'
,HeadlessChrome 79.0.3945 (Windows 10.0.0) LOG: 'The API should be able to delete players'
,HeadlessChrome 79.0.3945 (Windows 10.0.0) LOG: 'Test to see if players can be created'
,HeadlessChrome 79.0.3945 (Windows 10.0.0) LOG: 'Expecting the number of accounts to be incramented by 1'
,HeadlessChrome 79.0.3945 (Windows 10.0.0) LOG: 'The api should be able to update the player'
,HeadlessChrome 79.0.3945 (Windows 10.0.0) LOG: 'Player before: '
,HeadlessChrome 79.0.3945 (Windows 10.0.0) LOG: '{"gameHistory":[],"_id":"5e12888d66439a1fa0b1c208","playerId":"7910b659-ed1f-4cd7-8d4c-10952121caf2","playerName":"test2","loginName":"1578272908940","password":"test","__v":0}'
,HeadlessChrome 79.0.3945 (Windows 10.0.0) LOG: 'Player after: '
,HeadlessChrome 79.0.3945 (Windows 10.0.0) LOG: '{"gameHistory":[],"_id":"5e12888d66439a1fa0b1c208","playerId":"7910b659-ed1f-4cd7-8d4c-10952121caf2","playerName":"test2","loginName":"1578272908940","password":"test","__v":0,"activeRoomId":null,"socketId":null}'

]]>
  </system-out>
  <system-err/>
</testsuite>