<?xml version="1.0"?>
<testsuite name="HeadlessChrome 79.0.3945 (Windows 10.0.0)" package="" timestamp="2019-12-31T02:07:14" id="0" hostname="DESKTOP-JU1KODK" tests="6" errors="0" failures="0" time="0.36">
  <properties>
    <property name="browser.fullName" value="Mozilla/5.0 (Windows NT 10.0; Win64; x64) AppleWebKit/537.36 (KHTML, like Gecko) HeadlessChrome/79.0.3945.88 Safari/537.36"/>
  </properties>
  <testcase name="ApiService Should be able to update a player" time="0.136" classname="HeadlessChrome_79_0_3945_(Windows_10_0_0).ApiService"/>
  <testcase name="ApiService Should be able to retrieve players" time="0.042" classname="HeadlessChrome_79_0_3945_(Windows_10_0_0).ApiService"/>
  <testcase name="ApiService should create players" time="0.013" classname="HeadlessChrome_79_0_3945_(Windows_10_0_0).ApiService"/>
  <testcase name="GameComponent should create" time="0.04" classname="HeadlessChrome_79_0_3945_(Windows_10_0_0).GameComponent"/>
  <testcase name="PersistanceService Should be able to retrieve and store a player" time="0.033" classname="HeadlessChrome_79_0_3945_(Windows_10_0_0).PersistanceService"/>
  <testcase name="ApiService Should be able to delete players" time="0.096" classname="HeadlessChrome_79_0_3945_(Windows_10_0_0).ApiService"/>
  <system-out>
    <![CDATA[HeadlessChrome 79.0.3945 (Windows 10.0.0) LOG: 'Test to see if players can be stored in storage'
,HeadlessChrome 79.0.3945 (Windows 10.0.0) LOG: 'Player we stored:'
,HeadlessChrome 79.0.3945 (Windows 10.0.0) LOG: Object{playerId: 'test', playerName: 'another'}
,HeadlessChrome 79.0.3945 (Windows 10.0.0) LOG: 'Player from storage:'
,HeadlessChrome 79.0.3945 (Windows 10.0.0) LOG: Object{playerId: 'test', playerName: 'another'}
,HeadlessChrome 79.0.3945 (Windows 10.0.0) LOG: 'The API should be able to delete players'
,HeadlessChrome 79.0.3945 (Windows 10.0.0) LOG: 'The api should be able to update the player'
,HeadlessChrome 79.0.3945 (Windows 10.0.0) LOG: 'Player before: '
,HeadlessChrome 79.0.3945 (Windows 10.0.0) LOG: '{"_id":"5e0aad53897b2f3a280f5238","playerId":"c1ba1965-823f-4482-99f8-6295f4793557","playerName":"test2","__v":0}'
,HeadlessChrome 79.0.3945 (Windows 10.0.0) LOG: 'Player after: '
,HeadlessChrome 79.0.3945 (Windows 10.0.0) LOG: '{"_id":"5e0aad53897b2f3a280f5238","playerId":"c1ba1965-823f-4482-99f8-6295f4793557","playerName":"test2","__v":0,"activeRoomId":null,"socketId":null}'
,HeadlessChrome 79.0.3945 (Windows 10.0.0) LOG: 'The API should be able to retrieve players'
,HeadlessChrome 79.0.3945 (Windows 10.0.0) LOG: 'Player before: '
,HeadlessChrome 79.0.3945 (Windows 10.0.0) LOG: '{"playerId":"0c4dfe3f-e14c-48f2-acc3-115ba077ca93","playerName":"test"}'
,HeadlessChrome 79.0.3945 (Windows 10.0.0) LOG: 'Player after: '
,HeadlessChrome 79.0.3945 (Windows 10.0.0) LOG: '{"_id":"5e0aad53897b2f3a280f5239","playerId":"0c4dfe3f-e14c-48f2-acc3-115ba077ca93","playerName":"test","__v":0}'
,HeadlessChrome 79.0.3945 (Windows 10.0.0) LOG: 'Test to see if players can be created'
,HeadlessChrome 79.0.3945 (Windows 10.0.0) LOG: 'Expecting the number of accounts to be incramented by 1'

]]>
  </system-out>
  <system-err/>
</testsuite>